  PalindromeRecognition.cpp
C:\Users\johns\Documents\SCCfall21\CIS 2207\Week 7\DurhamJohn-PalindromeRecognition-asn5\DurhamJohn-PalindromeRecognition-asn5\PalindromeRecognition.h(10): error C2955: 'QueueInterface': use of class template requires template argument list
C:\Users\johns\Documents\SCCfall21\CIS 2207\Week 7\DurhamJohn-PalindromeRecognition-asn5\DurhamJohn-PalindromeRecognition-asn5\QueueInterface.h(8): message : see declaration of 'QueueInterface'
C:\Users\johns\Documents\SCCfall21\CIS 2207\Week 7\DurhamJohn-PalindromeRecognition-asn5\DurhamJohn-PalindromeRecognition-asn5\PalindromeRecognition.h(60): message : see reference to class template instantiation 'PalindromeRecognition<ItemType>' being compiled
C:\Users\johns\Documents\SCCfall21\CIS 2207\Week 7\DurhamJohn-PalindromeRecognition-asn5\DurhamJohn-PalindromeRecognition-asn5\PalindromeRecognition.h(11,1): error C2955: 'StackInterface': use of class template requires template argument list
C:\Users\johns\Documents\SCCfall21\CIS 2207\Week 7\DurhamJohn-PalindromeRecognition-asn5\DurhamJohn-PalindromeRecognition-asn5\StackInterface.h(8): message : see declaration of 'StackInterface'
C:\Users\johns\Documents\SCCfall21\CIS 2207\Week 7\DurhamJohn-PalindromeRecognition-asn5\DurhamJohn-PalindromeRecognition-asn5\PalindromeRecognition.h(19,29): error C2146: syntax error: missing ')' before identifier 'userIn'
C:\Users\johns\Documents\SCCfall21\CIS 2207\Week 7\DurhamJohn-PalindromeRecognition-asn5\DurhamJohn-PalindromeRecognition-asn5\PalindromeRecognition.h(19,29): error C3646: 'userIn': unknown override specifier
C:\Users\johns\Documents\SCCfall21\CIS 2207\Week 7\DurhamJohn-PalindromeRecognition-asn5\DurhamJohn-PalindromeRecognition-asn5\PalindromeRecognition.h(19,1): error C2059: syntax error: ')'
C:\Users\johns\Documents\SCCfall21\CIS 2207\Week 7\DurhamJohn-PalindromeRecognition-asn5\DurhamJohn-PalindromeRecognition-asn5\PalindromeRecognition.h(19,22): error C2838: 'string': illegal qualified name in member declaration
C:\Users\johns\Documents\SCCfall21\CIS 2207\Week 7\DurhamJohn-PalindromeRecognition-asn5\DurhamJohn-PalindromeRecognition-asn5\PalindromeRecognition.h(26,33): error C3254: 'PalindromeRecognition<ItemType>': class contains explicit override 'enqueue' but does not derive from an interface that contains the function declaration
C:\Users\johns\Documents\SCCfall21\CIS 2207\Week 7\DurhamJohn-PalindromeRecognition-asn5\DurhamJohn-PalindromeRecognition-asn5\PalindromeRecognition.h(26,33): error C2838: 'enqueue': illegal qualified name in member declaration
C:\Users\johns\Documents\SCCfall21\CIS 2207\Week 7\DurhamJohn-PalindromeRecognition-asn5\DurhamJohn-PalindromeRecognition-asn5\PalindromeRecognition.h(28,33): error C3254: 'PalindromeRecognition<ItemType>': class contains explicit override 'dequeue' but does not derive from an interface that contains the function declaration
C:\Users\johns\Documents\SCCfall21\CIS 2207\Week 7\DurhamJohn-PalindromeRecognition-asn5\DurhamJohn-PalindromeRecognition-asn5\PalindromeRecognition.h(28,33): error C2838: 'dequeue': illegal qualified name in member declaration
C:\Users\johns\Documents\SCCfall21\CIS 2207\Week 7\DurhamJohn-PalindromeRecognition-asn5\DurhamJohn-PalindromeRecognition-asn5\PalindromeRecognition.h(30,37): error C3254: 'PalindromeRecognition<ItemType>': class contains explicit override 'peekQfront' but does not derive from an interface that contains the function declaration
C:\Users\johns\Documents\SCCfall21\CIS 2207\Week 7\DurhamJohn-PalindromeRecognition-asn5\DurhamJohn-PalindromeRecognition-asn5\PalindromeRecognition.h(30,37): error C2838: 'peekQfront': illegal qualified name in member declaration
C:\Users\johns\Documents\SCCfall21\CIS 2207\Week 7\DurhamJohn-PalindromeRecognition-asn5\DurhamJohn-PalindromeRecognition-asn5\PalindromeRecognition.h(32,1): error C2523: 'PalindromeRecognition<ItemType>::~QueueInterface': destructor tag mismatch
C:\Users\johns\Documents\SCCfall21\CIS 2207\Week 7\DurhamJohn-PalindromeRecognition-asn5\DurhamJohn-PalindromeRecognition-asn5\PalindromeRecognition.h(35,17): error C2059: syntax error: ')'
C:\Users\johns\Documents\SCCfall21\CIS 2207\Week 7\DurhamJohn-PalindromeRecognition-asn5\DurhamJohn-PalindromeRecognition-asn5\PalindromeRecognition.h(35,1): error C2334: unexpected token(s) preceding '{'; skipping apparent function body
C:\Users\johns\Documents\SCCfall21\CIS 2207\Week 7\DurhamJohn-PalindromeRecognition-asn5\DurhamJohn-PalindromeRecognition-asn5\PalindromeRecognition.h(40,33): error C3254: 'PalindromeRecognition<ItemType>': class contains explicit override 'isStackEmpty' but does not derive from an interface that contains the function declaration
C:\Users\johns\Documents\SCCfall21\CIS 2207\Week 7\DurhamJohn-PalindromeRecognition-asn5\DurhamJohn-PalindromeRecognition-asn5\PalindromeRecognition.h(40,33): error C2838: 'isStackEmpty': illegal qualified name in member declaration
C:\Users\johns\Documents\SCCfall21\CIS 2207\Week 7\DurhamJohn-PalindromeRecognition-asn5\DurhamJohn-PalindromeRecognition-asn5\PalindromeRecognition.h(42,33): error C3254: 'PalindromeRecognition<ItemType>': class contains explicit override 'pushStack' but does not derive from an interface that contains the function declaration
C:\Users\johns\Documents\SCCfall21\CIS 2207\Week 7\DurhamJohn-PalindromeRecognition-asn5\DurhamJohn-PalindromeRecognition-asn5\PalindromeRecognition.h(42,33): error C2838: 'pushStack': illegal qualified name in member declaration
C:\Users\johns\Documents\SCCfall21\CIS 2207\Week 7\DurhamJohn-PalindromeRecognition-asn5\DurhamJohn-PalindromeRecognition-asn5\PalindromeRecognition.h(44,33): error C3254: 'PalindromeRecognition<ItemType>': class contains explicit override 'popStack' but does not derive from an interface that contains the function declaration
C:\Users\johns\Documents\SCCfall21\CIS 2207\Week 7\DurhamJohn-PalindromeRecognition-asn5\DurhamJohn-PalindromeRecognition-asn5\PalindromeRecognition.h(44,33): error C2838: 'popStack': illegal qualified name in member declaration
C:\Users\johns\Documents\SCCfall21\CIS 2207\Week 7\DurhamJohn-PalindromeRecognition-asn5\DurhamJohn-PalindromeRecognition-asn5\PalindromeRecognition.h(46,37): error C3254: 'PalindromeRecognition<ItemType>': class contains explicit override 'peekStack' but does not derive from an interface that contains the function declaration
C:\Users\johns\Documents\SCCfall21\CIS 2207\Week 7\DurhamJohn-PalindromeRecognition-asn5\DurhamJohn-PalindromeRecognition-asn5\PalindromeRecognition.h(46,37): error C2838: 'peekStack': illegal qualified name in member declaration
C:\Users\johns\Documents\SCCfall21\CIS 2207\Week 7\DurhamJohn-PalindromeRecognition-asn5\DurhamJohn-PalindromeRecognition-asn5\PalindromeRecognition.h(48,1): error C2523: 'PalindromeRecognition<ItemType>::~StackInterface': destructor tag mismatch
C:\Users\johns\Documents\SCCfall21\CIS 2207\Week 7\DurhamJohn-PalindromeRecognition-asn5\DurhamJohn-PalindromeRecognition-asn5\PalindromeRecognition.h(48,1): error C2535: 'PalindromeRecognition<ItemType>::~PalindromeRecognition(void)': member function already defined or declared
C:\Users\johns\Documents\SCCfall21\CIS 2207\Week 7\DurhamJohn-PalindromeRecognition-asn5\DurhamJohn-PalindromeRecognition-asn5\PalindromeRecognition.h(32): message : see declaration of 'PalindromeRecognition<ItemType>::~PalindromeRecognition'
C:\Users\johns\Documents\SCCfall21\CIS 2207\Week 7\DurhamJohn-PalindromeRecognition-asn5\DurhamJohn-PalindromeRecognition-asn5\PalindromeRecognition.h(59,2): error C2760: syntax error: unexpected token 'bool', expected 'id-expression'
C:\Users\johns\Documents\SCCfall21\CIS 2207\Week 7\DurhamJohn-PalindromeRecognition-asn5\DurhamJohn-PalindromeRecognition-asn5\PalindromeRecognition.h(56,11): message : This diagnostic occurred in the compiler generated function 'ItemType PalindromeRecognition<ItemType>::getUserInput(void)'
C:\Users\johns\Documents\SCCfall21\CIS 2207\Week 7\DurhamJohn-PalindromeRecognition-asn5\DurhamJohn-PalindromeRecognition-asn5\PalindromeRecognition.cpp(10,6): error C2065: 'objQueue': undeclared identifier
C:\Users\johns\Documents\SCCfall21\CIS 2207\Week 7\DurhamJohn-PalindromeRecognition-asn5\DurhamJohn-PalindromeRecognition-asn5\PalindromeRecognition.cpp(10,6): error C3861: 'objQueue': identifier not found
C:\Users\johns\Documents\SCCfall21\CIS 2207\Week 7\DurhamJohn-PalindromeRecognition-asn5\DurhamJohn-PalindromeRecognition-asn5\PalindromeRecognition.cpp(20,13): error C2065: 'objQueue': undeclared identifier
C:\Users\johns\Documents\SCCfall21\CIS 2207\Week 7\DurhamJohn-PalindromeRecognition-asn5\DurhamJohn-PalindromeRecognition-asn5\PalindromeRecognition.cpp(20,13): error C3861: 'objQueue': identifier not found
C:\Users\johns\Documents\SCCfall21\CIS 2207\Week 7\DurhamJohn-PalindromeRecognition-asn5\DurhamJohn-PalindromeRecognition-asn5\PalindromeRecognition.cpp(44,6): error C2065: 'objStack': undeclared identifier
C:\Users\johns\Documents\SCCfall21\CIS 2207\Week 7\DurhamJohn-PalindromeRecognition-asn5\DurhamJohn-PalindromeRecognition-asn5\PalindromeRecognition.cpp(44,6): error C3861: 'objStack': identifier not found
C:\Users\johns\Documents\SCCfall21\CIS 2207\Week 7\DurhamJohn-PalindromeRecognition-asn5\DurhamJohn-PalindromeRecognition-asn5\PalindromeRecognition.cpp(74,2): error C3861: 'userInput': identifier not found
C:\Users\johns\Documents\SCCfall21\CIS 2207\Week 7\DurhamJohn-PalindromeRecognition-asn5\DurhamJohn-PalindromeRecognition-asn5\PalindromeRecognition.cpp(81,9): error C3861: 'userInput': identifier not found
  Source.cpp
  Generating Code...
